# JRE version: OpenJDK Runtime Environment OpenLogic-OpenJDK (21.0.3+1) (build 21.0.3+1-adhoc.Administrator.jdk21u)
# Java VM: OpenJDK 64-Bit Server VM OpenLogic-OpenJDK (21.0.3+1-adhoc.Administrator.jdk21u, mixed mode, sharing, tiered, compressed oops, compressed class ptrs, g1 gc, windows-amd64)
GC Precious Log:
 CardTable entry size: 512
 Card Set container configuration: InlinePtr #cards 4 size 8 Array Of Cards #cards 16 size 48 Howl #buckets 8 coarsen threshold 3686 Howl Bitmap #cards 512 size 80 coarsen threshold 460 Card regions per heap region 1 cards per card region 4096
 CPUs: 16 total, 16 available
 Memory: 15773M
 Large Page Support: Disabled
 NUMA Support: Disabled
 Compressed Oops: Enabled (Zero based)
 Heap Region Size: 2M
 Heap Min Capacity: 8M
 Heap Initial Capacity: 248M
 Heap Max Capacity: 3944M
 Pre-touch: Disabled
 Parallel Workers: 13
 Concurrent Workers: 3
 Concurrent Refinement Workers: 13
 Periodic GC: Disabled
Heap:
 garbage-first heap   total 370688K, used 318801K [0x0000000709800000, 0x0000000800000000)
  region size 2048K, 75 young (153600K), 0 survivors (0K)
 Metaspace       used 76975K, committed 78016K, reserved 1179648K
  class space    used 9329K, committed 9728K, reserved 1048576K
GC Heap History (20 events):
Event: 13736.406 GC heap after
{Heap after GC invocations=118 (full 25):
 garbage-first heap   total 282624K, used 141382K [0x0000000709800000, 0x0000000800000000)
  region size 2048K, 4 young (8192K), 4 survivors (8192K)
 Metaspace       used 74903K, committed 75840K, reserved 1179648K
  class space    used 9180K, committed 9536K, reserved 1048576K
}
Event: 13737.870 GC heap before
{Heap before GC invocations=119 (full 25):
 garbage-first heap   total 286720K, used 155718K [0x0000000709800000, 0x0000000800000000)
  region size 2048K, 12 young (24576K), 4 survivors (8192K)
 Metaspace       used 74938K, committed 75904K, reserved 1179648K
  class space    used 9181K, committed 9536K, reserved 1048576K
}
Event: 13737.937 GC heap after
{Heap after GC invocations=120 (full 26):
 garbage-first heap   total 286720K, used 138300K [0x0000000709800000, 0x0000000800000000)
  region size 2048K, 0 young (0K), 0 survivors (0K)
 Metaspace       used 74938K, committed 75904K, reserved 1179648K
  class space    used 9181K, committed 9536K, reserved 1048576K
}
Event: 13739.442 GC heap before
{Heap before GC invocations=120 (full 26):
 garbage-first heap   total 286720K, used 250940K [0x0000000709800000, 0x0000000800000000)
  region size 2048K, 56 young (114688K), 0 survivors (0K)
 Metaspace       used 75071K, committed 76032K, reserved 1179648K
  class space    used 9188K, committed 9536K, reserved 1048576K
}
Event: 13739.445 GC heap after
{Heap after GC invocations=121 (full 26):
 garbage-first heap   total 370688K, used 145291K [0x0000000709800000, 0x0000000800000000)
  region size 2048K, 4 young (8192K), 4 survivors (8192K)
 Metaspace       used 75071K, committed 76032K, reserved 1179648K
  class space    used 9188K, committed 9536K, reserved 1048576K
}
Event: 13740.902 GC heap before
{Heap before GC invocations=122 (full 26):
 garbage-first heap   total 370688K, used 161675K [0x0000000709800000, 0x0000000800000000)
  region size 2048K, 13 young (26624K), 4 survivors (8192K)
 Metaspace       used 75079K, committed 76032K, reserved 1179648K
  class space    used 9188K, committed 9536K, reserved 1048576K
}
Event: 13740.957 GC heap after
{Heap after GC invocations=123 (full 27):
 garbage-first heap   total 370688K, used 142036K [0x0000000709800000, 0x0000000800000000)
  region size 2048K, 0 young (0K), 0 survivors (0K)
 Metaspace       used 75079K, committed 76032K, reserved 1179648K
  class space    used 9188K, committed 9536K, reserved 1048576K
}
Event: 13750.998 GC heap before
{Heap before GC invocations=123 (full 27):
 garbage-first heap   total 370688K, used 269012K [0x0000000709800000, 0x0000000800000000)
  region size 2048K, 64 young (131072K), 0 survivors (0K)
 Metaspace       used 75225K, committed 76224K, reserved 1179648K
  class space    used 9196K, committed 9600K, reserved 1048576K
}
Event: 13751.057 GC heap after
{Heap after GC invocations=124 (full 28):
 garbage-first heap   total 370688K, used 145965K [0x0000000709800000, 0x0000000800000000)
  region size 2048K, 0 young (0K), 0 survivors (0K)
 Metaspace       used 75225K, committed 76224K, reserved 1179648K
  class space    used 9196K, committed 9600K, reserved 1048576K
}
Event: 13756.395 GC heap before
{Heap before GC invocations=124 (full 28):
 garbage-first heap   total 370688K, used 272941K [0x0000000709800000, 0x0000000800000000)
  region size 2048K, 64 young (131072K), 0 survivors (0K)
 Metaspace       used 75408K, committed 76480K, reserved 1179648K
  class space    used 9204K, committed 9600K, reserved 1048576K
}
Event: 13756.461 GC heap after
{Heap after GC invocations=125 (full 29):
 garbage-first heap   total 370688K, used 149873K [0x0000000709800000, 0x0000000800000000)
  region size 2048K, 0 young (0K), 0 survivors (0K)
 Metaspace       used 75408K, committed 76480K, reserved 1179648K
  class space    used 9204K, committed 9600K, reserved 1048576K
}
Event: 13769.522 GC heap before
{Heap before GC invocations=125 (full 29):
 garbage-first heap   total 370688K, used 276849K [0x0000000709800000, 0x0000000800000000)
  region size 2048K, 64 young (131072K), 0 survivors (0K)
 Metaspace       used 75564K, committed 76608K, reserved 1179648K
  class space    used 9211K, committed 9600K, reserved 1048576K
}
Event: 13769.583 GC heap after
{Heap after GC invocations=126 (full 30):
 garbage-first heap   total 370688K, used 153778K [0x0000000709800000, 0x0000000800000000)
  region size 2048K, 0 young (0K), 0 survivors (0K)
 Metaspace       used 75564K, committed 76608K, reserved 1179648K
  class space    used 9211K, committed 9600K, reserved 1048576K
}
Event: 13773.606 GC heap before
{Heap before GC invocations=126 (full 30):
 garbage-first heap   total 370688K, used 280754K [0x0000000709800000, 0x0000000800000000)
  region size 2048K, 64 young (131072K), 0 survivors (0K)
 Metaspace       used 75745K, committed 76800K, reserved 1179648K
  class space    used 9222K, committed 9600K, reserved 1048576K
}
Event: 13773.669 GC heap after
{Heap after GC invocations=127 (full 31):
 garbage-first heap   total 370688K, used 157709K [0x0000000709800000, 0x0000000800000000)
  region size 2048K, 0 young (0K), 0 survivors (0K)
 Metaspace       used 75745K, committed 76800K, reserved 1179648K
  class space    used 9222K, committed 9600K, reserved 1048576K
}
Event: 13778.609 GC heap before
{Heap before GC invocations=127 (full 31):
 garbage-first heap   total 370688K, used 284685K [0x0000000709800000, 0x0000000800000000)
  region size 2048K, 64 young (131072K), 0 survivors (0K)
 Metaspace       used 75937K, committed 76992K, reserved 1179648K
  class space    used 9230K, committed 9600K, reserved 1048576K
}
Event: 13778.677 GC heap after
{Heap after GC invocations=128 (full 32):
 garbage-first heap   total 370688K, used 161639K [0x0000000709800000, 0x0000000800000000)
  region size 2048K, 0 young (0K), 0 survivors (0K)
 Metaspace       used 75937K, committed 76992K, reserved 1179648K
  class space    used 9230K, committed 9600K, reserved 1048576K
}
Event: 13781.591 GC heap before
{Heap before GC invocations=128 (full 32):
 garbage-first heap   total 370688K, used 288615K [0x0000000709800000, 0x0000000800000000)
  region size 2048K, 64 young (131072K), 0 survivors (0K)
 Metaspace       used 76090K, committed 77120K, reserved 1179648K
  class space    used 9238K, committed 9600K, reserved 1048576K
}
Event: 13781.670 GC heap after
{Heap after GC invocations=129 (full 33):
 garbage-first heap   total 370688K, used 165538K [0x0000000709800000, 0x0000000800000000)
  region size 2048K, 0 young (0K), 0 survivors (0K)
 Metaspace       used 76090K, committed 77120K, reserved 1179648K
  class space    used 9238K, committed 9600K, reserved 1048576K
}
Event: 14092.770 GC heap before
{Heap before GC invocations=129 (full 33):
 garbage-first heap   total 370688K, used 317090K [0x0000000709800000, 0x0000000800000000)
  region size 2048K, 75 young (153600K), 0 survivors (0K)
 Metaspace       used 76975K, committed 78016K, reserved 1179648K
  class space    used 9329K, committed 9728K, reserved 1048576K
}

